TN:
SF:src/app.ts
FN:24,(anonymous_1)
FN:35,init
FN:40,close
FNF:3
FNH:2
FNDA:1,(anonymous_1)
FNDA:11,init
FNDA:0,close
DA:1,11
DA:2,11
DA:3,11
DA:4,11
DA:5,11
DA:6,11
DA:16,11
DA:18,11
DA:20,11
DA:21,11
DA:24,1
DA:35,11
DA:36,11
DA:37,11
DA:40,11
DA:41,0
DA:44,11
LF:17
LH:16
BRF:0
BRH:0
end_of_record
TN:
SF:src/config/database.ts
FN:4,connectDb
FN:12,disconnectDB
FNF:2
FNH:1
FNDA:11,connectDb
FNDA:0,disconnectDB
DA:1,14
DA:4,14
DA:5,11
DA:6,0
DA:9,11
DA:12,14
DA:13,0
LF:7
LH:5
BRDA:5,0,0,0
BRF:1
BRH:0
end_of_record
TN:
SF:src/config/envs.ts
FN:4,loadEnv
FNF:1
FNH:1
FNDA:25,loadEnv
DA:1,14
DA:2,14
DA:4,14
DA:6,25
DA:12,25
DA:13,25
LF:6
LH:6
BRDA:6,0,0,25
BRDA:6,0,1,0
BRDA:8,1,0,0
BRDA:8,1,1,0
BRF:4
BRH:1
end_of_record
TN:
SF:src/config/index.ts
FNF:0
FNH:0
DA:1,14
DA:2,14
LF:2
LH:2
BRF:0
BRH:0
end_of_record
TN:
SF:src/controllers/authentication-controller.ts
FN:5,singInPost
FNF:1
FNH:1
FNDA:5,singInPost
DA:2,11
DA:3,11
DA:5,11
DA:6,5
DA:8,5
DA:10,3
LF:6
LH:6
BRF:0
BRH:0
end_of_record
TN:
SF:src/controllers/booking-controller.ts
FN:6,getUserBooking
FN:14,postUserBooking
FN:25,updateUserBooking
FNF:3
FNH:3
FNDA:2,getUserBooking
FNDA:11,postUserBooking
FNDA:1,updateUserBooking
DA:2,11
DA:4,11
DA:6,11
DA:7,2
DA:9,2
DA:11,1
DA:14,11
DA:15,11
DA:16,11
DA:18,11
DA:20,1
DA:22,1
DA:25,11
DA:26,1
DA:27,1
DA:28,1
DA:30,1
DA:32,1
DA:34,1
LF:19
LH:19
BRF:0
BRH:0
end_of_record
TN:
SF:src/controllers/enrollments-controller.ts
FN:6,getEnrollmentByUser
FN:14,postCreateOrUpdateEnrollment
FN:24,getAddressFromCEP
FNF:3
FNH:3
FNDA:2,getEnrollmentByUser
FNDA:2,postCreateOrUpdateEnrollment
FNDA:2,getAddressFromCEP
DA:2,11
DA:4,11
DA:6,11
DA:7,2
DA:9,2
DA:11,1
DA:14,11
DA:15,2
DA:20,2
DA:24,11
DA:25,2
DA:30,2
DA:31,1
LF:13
LH:13
BRF:0
BRH:0
end_of_record
TN:
SF:src/controllers/events-controller.ts
FN:5,getDefaultEvent
FNF:1
FNH:1
FNDA:2,getDefaultEvent
DA:2,11
DA:3,11
DA:5,11
DA:6,2
DA:7,1
LF:5
LH:5
BRF:0
BRH:0
end_of_record
TN:
SF:src/controllers/hotels-controller.ts
FN:6,getHotels
FN:13,getHotelsWithRooms
FNF:2
FNH:2
FNDA:7,getHotels
FNDA:8,getHotelsWithRooms
DA:2,11
DA:4,11
DA:6,11
DA:7,7
DA:9,7
DA:10,1
DA:13,11
DA:14,8
DA:15,8
DA:17,8
DA:18,2
LF:11
LH:11
BRF:0
BRH:0
end_of_record
TN:
SF:src/controllers/index.ts
FNF:0
FNH:0
DA:1,11
DA:2,11
DA:3,11
DA:4,11
DA:5,11
DA:6,11
DA:7,11
DA:8,11
LF:8
LH:8
BRF:0
BRH:0
end_of_record
TN:
SF:src/controllers/payments-controller.ts
FN:7,getPaymentByTicketId
FN:15,paymentProcess
FNF:2
FNH:2
FNDA:4,getPaymentByTicketId
FNDA:5,paymentProcess
DA:2,11
DA:5,11
DA:7,11
DA:8,4
DA:9,4
DA:11,4
DA:12,1
DA:15,11
DA:16,5
DA:17,5
DA:19,5
DA:20,3
LF:12
LH:12
BRF:0
BRH:0
end_of_record
TN:
SF:src/controllers/tickets-controller.ts
FN:7,getTicketTypes
FN:12,getTicket
FN:18,createTicket
FNF:3
FNH:3
FNDA:2,getTicketTypes
FNDA:3,getTicket
FNDA:3,createTicket
DA:2,11
DA:4,11
DA:7,11
DA:8,2
DA:9,2
DA:12,11
DA:13,3
DA:14,3
DA:15,1
DA:18,11
DA:19,3
DA:20,3
DA:22,3
DA:23,2
LF:14
LH:14
BRF:0
BRH:0
end_of_record
TN:
SF:src/controllers/users-controller.ts
FN:5,usersPost
FNF:1
FNH:1
FNDA:6,usersPost
DA:2,11
DA:3,11
DA:5,11
DA:6,6
DA:8,6
DA:10,3
LF:6
LH:6
BRF:0
BRH:0
end_of_record
TN:
SF:src/errors/cannot-enroll-before-start-date-error.ts
FN:3,cannotEnrollBeforeStartDateError
FNF:1
FNH:1
FNDA:2,cannotEnrollBeforeStartDateError
DA:3,11
DA:4,2
LF:2
LH:2
BRF:0
BRH:0
end_of_record
TN:
SF:src/errors/cannot-list-hotels-error.ts
FN:3,cannotListHotelsError
FNF:1
FNH:1
FNDA:6,cannotListHotelsError
DA:3,11
DA:4,6
LF:2
LH:2
BRF:0
BRH:0
end_of_record
TN:
SF:src/errors/conflict-error.ts
FN:3,conflictError
FNF:1
FNH:0
FNDA:0,conflictError
DA:3,11
DA:4,0
LF:2
LH:1
BRF:0
BRH:0
end_of_record
TN:
SF:src/errors/duplicate-email-error.ts
FN:3,duplicatedEmailError
FNF:1
FNH:1
FNDA:4,duplicatedEmailError
DA:3,11
DA:4,4
LF:2
LH:2
BRF:0
BRH:0
end_of_record
TN:
SF:src/errors/enrollment-not-found-error.ts
FN:3,enrollmentNotFoundError
FNF:1
FNH:0
FNDA:0,enrollmentNotFoundError
DA:3,11
DA:4,0
LF:2
LH:1
BRF:0
BRH:0
end_of_record
TN:
SF:src/errors/forbidden-error.ts
FN:3,forbiddenError
FNF:1
FNH:1
FNDA:10,forbiddenError
DA:3,11
DA:4,10
LF:2
LH:2
BRF:0
BRH:0
end_of_record
TN:
SF:src/errors/index.ts
FNF:0
FNH:0
DA:1,11
DA:2,11
DA:3,11
DA:4,11
DA:5,11
DA:6,11
DA:7,11
DA:8,11
DA:9,11
DA:10,11
DA:11,11
DA:12,11
DA:13,11
LF:13
LH:13
BRF:0
BRH:0
end_of_record
TN:
SF:src/errors/invalid-cep-error.ts
FN:3,invalidCepError
FNF:1
FNH:0
FNDA:0,invalidCepError
DA:3,11
DA:4,0
LF:2
LH:1
BRF:0
BRH:0
end_of_record
TN:
SF:src/errors/invalid-credentials-error.ts
FN:3,invalidCredentialsError
FNF:1
FNH:1
FNDA:6,invalidCredentialsError
DA:3,11
DA:4,6
LF:2
LH:2
BRF:0
BRH:0
end_of_record
TN:
SF:src/errors/invalid-data-error.ts
FN:3,invalidDataError
FNF:1
FNH:1
FNDA:11,invalidDataError
DA:3,11
DA:4,11
LF:2
LH:2
BRF:0
BRH:0
end_of_record
TN:
SF:src/errors/invalid-email-error.ts
FN:3,invalidEmailError
FNF:1
FNH:0
FNDA:0,invalidEmailError
DA:3,11
DA:4,0
LF:2
LH:1
BRF:0
BRH:0
end_of_record
TN:
SF:src/errors/not-found-error.ts
FN:3,notFoundError
FNF:1
FNH:1
FNDA:13,notFoundError
DA:3,11
DA:4,13
LF:2
LH:2
BRF:0
BRH:0
end_of_record
TN:
SF:src/errors/payment-required-error.ts
FN:3,paymentRequiredError
FNF:1
FNH:0
FNDA:0,paymentRequiredError
DA:3,11
DA:4,0
LF:2
LH:1
BRF:0
BRH:0
end_of_record
TN:
SF:src/errors/request-error.ts
FN:3,requestError
FNF:1
FNH:1
FNDA:1,requestError
DA:3,11
DA:4,1
LF:2
LH:2
BRF:0
BRH:0
end_of_record
TN:
SF:src/errors/unauthorized-error.ts
FN:3,unauthorizedError
FNF:1
FNH:1
FNDA:26,unauthorizedError
DA:3,11
DA:4,26
LF:2
LH:2
BRF:0
BRH:0
end_of_record
TN:
SF:src/errors/validButInexistent.ts
FN:3,validButInexistentError
FNF:1
FNH:1
FNDA:1,validButInexistentError
DA:3,11
DA:4,1
LF:2
LH:2
BRF:0
BRH:0
end_of_record
TN:
SF:src/middlewares/authentication-middleware.ts
FN:6,authenticateToken
FNF:1
FNH:1
FNDA:92,authenticateToken
DA:2,11
DA:3,11
DA:4,11
DA:6,11
DA:7,92
DA:8,92
DA:10,80
DA:11,80
DA:13,80
DA:15,68
DA:16,68
DA:18,56
DA:19,56
LF:13
LH:13
BRDA:8,0,0,12
BRDA:11,1,0,0
BRDA:16,2,0,12
BRF:3
BRH:2
end_of_record
TN:
SF:src/middlewares/error-handling-middleware.ts
FN:5,handleApplicationErrors
FNF:1
FNH:1
FNDA:85,handleApplicationErrors
DA:2,11
DA:5,11
DA:11,85
DA:12,2
DA:17,83
DA:18,1
DA:23,82
DA:24,1
DA:29,81
DA:30,14
DA:35,67
DA:36,11
DA:41,56
DA:42,13
DA:47,43
DA:48,0
DA:53,43
DA:54,26
DA:59,17
DA:60,0
DA:63,17
DA:64,0
DA:67,17
DA:68,6
DA:71,11
DA:72,1
DA:77,10
DA:78,0
DA:81,10
DA:82,10
DA:86,0
DA:87,0
LF:32
LH:26
BRDA:11,0,0,2
BRDA:17,1,0,1
BRDA:23,2,0,1
BRDA:23,3,0,82
BRDA:23,3,1,82
BRDA:29,4,0,14
BRDA:29,5,0,81
BRDA:29,5,1,79
BRDA:35,6,0,11
BRDA:41,7,0,13
BRDA:47,8,0,0
BRDA:53,9,0,26
BRDA:59,10,0,0
BRDA:63,11,0,0
BRDA:67,12,0,6
BRDA:71,13,0,1
BRDA:71,14,0,11
BRDA:71,14,1,1
BRDA:77,15,0,0
BRDA:81,16,0,10
BRF:20
BRH:16
end_of_record
TN:
SF:src/middlewares/index.ts
FNF:0
FNH:0
DA:1,11
DA:2,11
DA:3,11
LF:3
LH:3
BRF:0
BRH:0
end_of_record
TN:
SF:src/middlewares/validation-middleware.ts
FN:5,validateBody
FN:9,validateParams
FN:13,validate
FN:14,(anonymous_3)
FN:23,(anonymous_4)
FNF:5
FNH:4
FNDA:77,validateBody
FNDA:0,validateParams
FNDA:77,validate
FNDA:43,(anonymous_3)
FNDA:26,(anonymous_4)
DA:3,11
DA:5,11
DA:6,77
DA:9,11
DA:10,0
DA:14,77
DA:15,43
DA:19,43
DA:20,33
DA:22,10
DA:23,26
DA:24,10
LF:12
LH:11
BRDA:19,0,0,33
BRDA:19,0,1,10
BRF:2
BRH:2
end_of_record
TN:
SF:src/repositories/address-repository.ts
FN:4,upsert
FNF:1
FNH:1
FNDA:2,upsert
DA:2,11
DA:5,2
DA:20,11
LF:3
LH:3
BRF:0
BRH:0
end_of_record
TN:
SF:src/repositories/authentication-repository.ts
FN:4,createSession
FN:10,findSession
FNF:2
FNH:2
FNDA:5,createSession
FNDA:68,findSession
DA:2,11
DA:5,5
DA:11,68
DA:18,11
LF:4
LH:4
BRF:0
BRH:0
end_of_record
TN:
SF:src/repositories/booking-repository.ts
FN:3,getUserBooking
FN:10,getRoomById
FN:17,findBookingsByRoomId
FN:24,postBookingReservation
FN:34,updateBookReservation
FNF:5
FNH:4
FNDA:3,getUserBooking
FNDA:2,getRoomById
FNDA:0,findBookingsByRoomId
FNDA:1,postBookingReservation
FNDA:1,updateBookReservation
DA:1,11
DA:3,11
DA:4,3
DA:10,11
DA:11,2
DA:17,11
DA:18,0
DA:24,11
DA:25,1
DA:34,11
DA:35,1
LF:11
LH:10
BRF:0
BRH:0
end_of_record
TN:
SF:src/repositories/enrollments-repository.ts
FN:4,findWithAddressByUserId
FN:13,upsert
FNF:2
FNH:2
FNDA:41,findWithAddressByUserId
FNDA:2,upsert
DA:2,11
DA:5,41
DA:18,2
DA:30,11
LF:4
LH:4
BRF:0
BRH:0
end_of_record
TN:
SF:src/repositories/events-repository.ts
FN:3,findFirst
FNF:1
FNH:1
FNDA:11,findFirst
DA:1,11
DA:4,11
DA:7,11
LF:3
LH:3
BRF:0
BRH:0
end_of_record
TN:
SF:src/repositories/hotels-repository.ts
FN:4,findHotels
FN:9,findHotelById
FN:23,findRoomsByHotelId
FNF:3
FNH:2
FNDA:2,findHotels
FNDA:0,findHotelById
FNDA:3,findRoomsByHotelId
DA:1,11
DA:2,11
DA:5,2
DA:6,2
DA:10,0
DA:14,0
DA:15,0
DA:18,11
DA:24,3
DA:34,11
LF:10
LH:7
BRDA:14,0,0,0
BRF:1
BRH:0
end_of_record
TN:
SF:src/repositories/index.ts
FNF:0
FNH:0
DA:1,11
DA:2,11
DA:3,11
DA:4,11
DA:5,11
DA:6,11
DA:7,11
DA:8,11
DA:9,11
LF:9
LH:9
BRF:0
BRH:0
end_of_record
TN:
SF:src/repositories/payments-repository.ts
FN:4,findPaymentByTicketId
FN:11,createPayment
FNF:2
FNH:2
FNDA:1,findPaymentByTicketId
FNDA:3,createPayment
DA:1,11
DA:5,1
DA:8,1
DA:12,3
DA:19,3
DA:22,11
LF:6
LH:6
BRF:0
BRH:0
end_of_record
TN:
SF:src/repositories/tickets-repository.ts
FN:5,findTicketTypes
FN:10,findTicketByEnrollmentId
FN:19,createTicket
FN:28,findTicketById
FN:37,ticketProcessPayment
FNF:5
FNH:5
FNDA:2,findTicketTypes
FNDA:27,findTicketByEnrollmentId
FNDA:2,createTicket
FNDA:8,findTicketById
FNDA:3,ticketProcessPayment
DA:1,11
DA:2,11
DA:6,2
DA:7,2
DA:11,27
DA:16,27
DA:20,2
DA:25,2
DA:29,8
DA:34,8
DA:38,3
DA:47,3
DA:50,11
LF:13
LH:13
BRF:0
BRH:0
end_of_record
TN:
SF:src/repositories/users-repository.ts
FN:4,findByEmail
FN:18,create
FNF:2
FNH:2
FNDA:16,findByEmail
FNDA:5,create
DA:2,11
DA:5,16
DA:11,16
DA:12,9
DA:15,16
DA:19,5
DA:24,11
LF:7
LH:7
BRDA:11,0,0,9
BRF:1
BRH:1
end_of_record
TN:
SF:src/routers/authentication-router.ts
FNF:0
FNH:0
DA:1,11
DA:2,11
DA:3,11
DA:4,11
DA:6,11
DA:8,11
DA:10,11
LF:7
LH:7
BRF:0
BRH:0
end_of_record
TN:
SF:src/routers/booking-router.ts
FNF:0
FNH:0
DA:1,11
DA:2,11
DA:3,11
DA:4,11
DA:6,11
DA:8,11
DA:14,11
LF:7
LH:7
BRF:0
BRH:0
end_of_record
TN:
SF:src/routers/enrollments-router.ts
FNF:0
FNH:0
DA:1,11
DA:2,11
DA:3,11
DA:4,11
DA:6,11
DA:8,11
DA:14,11
LF:7
LH:7
BRF:0
BRH:0
end_of_record
TN:
SF:src/routers/events-router.ts
FNF:0
FNH:0
DA:1,11
DA:2,11
DA:4,11
DA:6,11
DA:8,11
LF:5
LH:5
BRF:0
BRH:0
end_of_record
TN:
SF:src/routers/hotels-router.ts
FNF:0
FNH:0
DA:1,11
DA:2,11
DA:3,11
DA:5,11
DA:7,11
DA:9,11
LF:6
LH:6
BRF:0
BRH:0
end_of_record
TN:
SF:src/routers/index.ts
FNF:0
FNH:0
DA:1,11
DA:2,11
DA:3,11
DA:4,11
DA:5,11
DA:6,11
DA:7,11
DA:8,11
LF:8
LH:8
BRF:0
BRH:0
end_of_record
TN:
SF:src/routers/paymets-router.ts
FNF:0
FNH:0
DA:1,11
DA:2,11
DA:3,11
DA:4,11
DA:6,11
DA:8,11
DA:13,11
LF:7
LH:7
BRF:0
BRH:0
end_of_record
TN:
SF:src/routers/tickets-router.ts
FNF:0
FNH:0
DA:1,11
DA:2,11
DA:3,11
DA:4,11
DA:6,11
DA:8,11
DA:9,11
DA:10,11
DA:11,11
DA:13,11
LF:10
LH:10
BRF:0
BRH:0
end_of_record
TN:
SF:src/routers/users-router.ts
FNF:0
FNH:0
DA:1,11
DA:3,11
DA:4,11
DA:5,11
DA:7,11
DA:9,11
DA:11,11
LF:7
LH:7
BRF:0
BRH:0
end_of_record
TN:
SF:src/schemas/authentication-schemas.ts
FNF:0
FNH:0
DA:1,14
DA:4,14
LF:2
LH:2
BRF:0
BRH:0
end_of_record
TN:
SF:src/schemas/bookings-schemas.ts
FNF:0
FNH:0
DA:1,14
DA:3,14
LF:2
LH:2
BRF:0
BRH:0
end_of_record
TN:
SF:src/schemas/enrollments-schemas.ts
FN:23,(anonymous_1)
FN:30,joiCpfValidation
FN:40,joiCepValidation
FN:50,joiMobilePhoneValidation
FNF:4
FNH:4
FNDA:378,(anonymous_1)
FNDA:29,joiCpfValidation
FNDA:19,joiCepValidation
FNDA:23,joiMobilePhoneValidation
DA:1,14
DA:2,14
DA:5,14
DA:7,14
DA:9,14
DA:11,14
DA:23,378
DA:31,29
DA:33,29
DA:34,1
DA:37,28
DA:41,19
DA:43,19
DA:44,1
DA:47,18
DA:51,23
DA:53,23
DA:54,0
DA:57,23
LF:19
LH:18
BRDA:31,0,0,0
BRDA:33,1,0,1
BRDA:41,2,0,0
BRDA:43,3,0,1
BRDA:51,4,0,0
BRDA:53,5,0,0
BRF:6
BRH:2
end_of_record
TN:
SF:src/schemas/index.ts
FNF:0
FNH:0
DA:1,14
DA:2,14
DA:3,14
DA:4,14
DA:5,14
LF:5
LH:5
BRF:0
BRH:0
end_of_record
TN:
SF:src/schemas/payments-schemas.ts
FNF:0
FNH:0
DA:1,11
DA:4,11
LF:2
LH:2
BRF:0
BRH:0
end_of_record
TN:
SF:src/schemas/tickets-schemas.ts
FNF:0
FNH:0
DA:1,14
DA:4,14
LF:2
LH:2
BRF:0
BRH:0
end_of_record
TN:
SF:src/schemas/users-schemas.ts
FNF:0
FNH:0
DA:1,14
DA:4,14
LF:2
LH:2
BRF:0
BRH:0
end_of_record
TN:
SF:src/services/authentication-service.ts
FN:8,signIn
FN:23,getUserOrFail
FN:30,createSession
FN:40,validatePasswordOrFail
FNF:4
FNH:4
FNDA:9,signIn
FNDA:9,getUserOrFail
FNDA:5,createSession
FNDA:7,validatePasswordOrFail
DA:2,11
DA:3,11
DA:4,11
DA:5,11
DA:6,11
DA:9,9
DA:11,9
DA:13,7
DA:15,5
DA:17,5
DA:24,9
DA:25,9
DA:27,7
DA:31,5
DA:32,5
DA:37,5
DA:41,7
DA:42,7
DA:54,11
LF:19
LH:19
BRDA:25,0,0,2
BRDA:42,1,0,2
BRF:2
BRH:2
end_of_record
TN:
SF:src/services/booking-service.ts
FN:12,getBooking
FN:19,postBooking
FN:30,updateBooking
FN:43,checkRoom
FN:50,businessRules
FNF:5
FNH:5
FNDA:2,getBooking
FNDA:11,postBooking
FNDA:1,updateBooking
FNDA:2,checkRoom
FNDA:12,businessRules
DA:1,11
DA:2,11
DA:3,11
DA:12,11
DA:13,2
DA:14,2
DA:16,1
DA:19,11
DA:20,11
DA:21,11
DA:22,1
DA:24,1
DA:25,1
DA:27,1
DA:30,11
DA:31,1
DA:32,1
DA:33,1
DA:35,1
DA:36,1
DA:38,1
DA:40,1
DA:44,2
DA:45,2
DA:47,2
DA:51,12
DA:53,12
DA:54,12
DA:56,12
DA:57,10
LF:30
LH:30
BRDA:14,0,0,1
BRDA:20,1,0,0
BRDA:25,2,0,0
BRDA:32,3,0,0
BRDA:33,4,0,0
BRDA:45,5,0,0
BRDA:47,6,0,0
BRDA:56,7,0,10
BRDA:56,8,0,12
BRDA:56,8,1,10
BRDA:56,8,2,8
BRF:11
BRH:5
end_of_record
TN:
SF:src/services/enrollments-service.ts
FN:20,validateCEP
FN:36,getAddressFromCEP
FN:76,getOneWithAddressByUserId
FN:93,getFirstAddress
FN:101,createOrUpdateEnrollmentWithAddress
FN:116,getAddressForUpsert
FNF:6
FNH:6
FNDA:6,validateCEP
FNDA:4,getAddressFromCEP
FNDA:2,getOneWithAddressByUserId
FNDA:1,getFirstAddress
FNDA:2,createOrUpdateEnrollmentWithAddress
FNDA:2,getAddressForUpsert
DA:3,11
DA:5,11
DA:6,11
DA:7,11
DA:21,6
DA:23,5
DA:24,5
DA:25,0
DA:27,5
DA:29,0
DA:30,0
DA:32,0
DA:38,4
DA:41,3
DA:42,3
DA:53,3
DA:54,3
DA:77,2
DA:79,2
DA:82,1
DA:83,1
DA:85,1
DA:94,1
DA:96,1
DA:102,2
DA:103,2
DA:104,2
DA:108,2
DA:109,2
DA:111,2
DA:113,2
DA:117,2
DA:127,11
LF:33
LH:29
BRDA:23,0,0,5
BRDA:23,0,1,0
BRDA:24,1,0,0
BRDA:24,1,1,5
BRDA:29,2,0,0
BRDA:79,3,0,1
BRDA:87,4,0,1
BRDA:87,4,1,1
BRDA:94,5,0,0
BRDA:119,6,0,2
BRDA:119,6,1,2
BRF:11
BRH:7
end_of_record
TN:
SF:src/services/events-service.ts
FN:7,getFirstEvent
FN:16,isCurrentEventActive
FNF:2
FNH:2
FNDA:2,getFirstEvent
FNDA:9,isCurrentEventActive
DA:2,11
DA:3,11
DA:4,11
DA:5,11
DA:8,2
DA:9,2
DA:11,1
DA:17,9
DA:18,9
DA:20,8
DA:21,8
DA:22,8
DA:24,8
DA:27,11
LF:14
LH:14
BRDA:9,0,0,1
BRDA:18,1,0,1
BRDA:24,2,0,8
BRDA:24,2,1,7
BRF:4
BRH:4
end_of_record
TN:
SF:src/services/hotels-service.ts
FN:6,validateUserBooking
FN:20,getHotels
FN:29,getHotelsWithRooms
FNF:3
FNH:3
FNDA:15,validateUserBooking
FNDA:7,getHotels
FNDA:8,getHotelsWithRooms
DA:1,11
DA:2,11
DA:3,11
DA:4,11
DA:7,15
DA:8,15
DA:10,13
DA:11,13
DA:13,11
DA:15,11
DA:16,6
DA:21,7
DA:23,2
DA:24,2
DA:26,1
DA:30,8
DA:32,3
DA:34,3
DA:35,3
DA:37,2
DA:40,11
LF:21
LH:21
BRDA:8,0,0,2
BRDA:11,1,0,2
BRDA:15,2,0,6
BRDA:15,3,0,11
BRDA:15,3,1,9
BRDA:15,3,2,7
BRDA:24,4,0,1
BRDA:32,5,0,0
BRDA:32,6,0,3
BRDA:32,6,1,3
BRDA:35,7,0,1
BRF:11
BRH:10
end_of_record
TN:
SF:src/services/index.ts
FNF:0
FNH:0
DA:1,11
DA:2,11
DA:3,11
DA:4,11
DA:5,11
DA:6,11
DA:7,11
DA:8,11
LF:8
LH:8
BRF:0
BRH:0
end_of_record
TN:
SF:src/services/payments-service.ts
FN:5,verifyTicketAndEnrollment
FN:17,getPaymentByTicketId
FN:25,paymentProcess
FNF:3
FNH:3
FNDA:9,verifyTicketAndEnrollment
FNDA:4,getPaymentByTicketId
FNDA:5,paymentProcess
DA:1,11
DA:3,11
DA:6,9
DA:8,8
DA:9,8
DA:11,6
DA:12,6
DA:14,4
DA:18,4
DA:20,1
DA:22,1
DA:26,5
DA:28,3
DA:35,3
DA:36,3
DA:37,3
DA:40,11
LF:17
LH:17
BRDA:6,0,0,1
BRDA:6,1,0,9
BRDA:6,1,1,8
BRDA:9,2,0,2
BRDA:12,3,0,2
BRF:5
BRH:5
end_of_record
TN:
SF:src/services/tickets-service.ts
FN:6,findTicketTypes
FN:11,getTicketByUserId
FN:21,createTicket
FNF:3
FNH:3
FNDA:2,findTicketTypes
FNDA:3,getTicketByUserId
FNDA:3,createTicket
DA:1,11
DA:2,11
DA:4,11
DA:7,2
DA:8,2
DA:12,3
DA:13,3
DA:15,2
DA:16,2
DA:18,1
DA:22,3
DA:24,3
DA:25,3
DA:27,2
DA:33,2
DA:34,2
DA:37,11
LF:17
LH:17
BRDA:13,0,0,1
BRDA:16,1,0,1
BRDA:22,2,0,0
BRDA:25,3,0,1
BRF:4
BRH:3
end_of_record
TN:
SF:src/services/users-service.ts
FN:7,createUser
FN:19,validateUniqueEmailOrFail
FN:26,canEnrollOrFail
FNF:3
FNH:3
FNDA:9,createUser
FNDA:7,validateUniqueEmailOrFail
FNDA:9,canEnrollOrFail
DA:2,11
DA:3,11
DA:4,11
DA:5,11
DA:7,11
DA:8,9
DA:10,7
DA:12,5
DA:13,5
DA:20,7
DA:21,7
DA:22,2
DA:27,9
DA:28,9
DA:29,2
DA:35,11
LF:16
LH:16
BRDA:21,0,0,2
BRDA:28,1,0,2
BRF:2
BRH:2
end_of_record
TN:
SF:src/utils/prisma-utils.ts
FN:1,exclude
FNF:1
FNH:1
FNDA:12,exclude
DA:1,11
DA:2,12
DA:3,12
DA:4,18
DA:6,12
LF:5
LH:5
BRF:0
BRH:0
end_of_record
TN:
SF:src/utils/request.ts
FN:4,get
FNF:1
FNH:1
FNDA:6,get
DA:1,11
DA:2,11
DA:5,6
DA:6,6
DA:7,5
DA:9,1
DA:10,1
DA:14,11
LF:8
LH:8
BRF:0
BRH:0
end_of_record
TN:
SF:tests/helpers.ts
FN:7,cleanDb
FN:21,generateValidToken
FNF:2
FNH:2
FNDA:85,cleanDb
FNDA:56,generateValidToken
DA:1,10
DA:3,10
DA:4,10
DA:5,10
DA:7,10
DA:8,85
DA:9,85
DA:10,85
DA:11,85
DA:12,85
DA:13,85
DA:14,85
DA:15,85
DA:16,85
DA:17,85
DA:18,85
DA:21,10
DA:22,56
DA:23,56
DA:25,56
DA:27,56
LF:21
LH:21
BRDA:22,0,0,56
BRDA:22,0,1,9
BRF:2
BRH:2
end_of_record
TN:
SF:tests/factories/bookings-factory.ts
FN:4,createBooking
FN:15,createRoom
FNF:2
FNH:2
FNDA:2,createBooking
FNDA:11,createRoom
DA:1,1
DA:2,1
DA:4,1
DA:5,2
DA:15,1
DA:16,11
LF:6
LH:6
BRF:0
BRH:0
end_of_record
TN:
SF:tests/factories/enrollments-factory.ts
FN:8,createEnrollmentWithAddress
FN:35,createhAddressWithCEP
FNF:2
FNH:2
FNDA:45,createEnrollmentWithAddress
FNDA:1,createhAddressWithCEP
DA:1,10
DA:2,10
DA:5,10
DA:6,10
DA:8,10
DA:9,45
DA:11,45
DA:35,10
DA:36,1
LF:9
LH:9
BRDA:9,0,0,45
BRDA:9,0,1,0
BRF:2
BRH:1
end_of_record
TN:
SF:tests/factories/events-factory.ts
FN:6,createEvent
FNF:1
FNH:1
FNDA:4,createEvent
DA:1,10
DA:2,10
DA:4,10
DA:6,10
DA:7,4
LF:5
LH:5
BRDA:6,0,0,3
BRDA:9,1,0,4
BRDA:9,1,1,4
BRDA:10,2,0,4
BRDA:10,2,1,4
BRDA:11,3,0,4
BRDA:11,3,1,4
BRDA:12,4,0,4
BRDA:12,4,1,3
BRDA:13,5,0,4
BRDA:13,5,1,4
BRF:11
BRH:11
end_of_record
TN:
SF:tests/factories/hotels-factory.ts
FN:4,createHotel
FN:13,createRoomWithHotelId
FNF:2
FNH:2
FNDA:17,createHotel
FNDA:1,createRoomWithHotelId
DA:1,10
DA:2,10
DA:4,10
DA:5,17
DA:13,10
DA:14,1
LF:6
LH:6
BRF:0
BRH:0
end_of_record
TN:
SF:tests/factories/index.ts
FNF:0
FNH:0
DA:1,10
DA:2,10
DA:3,10
DA:4,10
DA:5,10
DA:6,10
DA:7,10
LF:7
LH:7
BRF:0
BRH:0
end_of_record
TN:
SF:tests/factories/payments-factory.ts
FN:4,createPayment
FN:15,generateCreditCardData
FNF:2
FNH:2
FNDA:21,createPayment
FNDA:6,generateCreditCardData
DA:1,10
DA:2,10
DA:4,10
DA:5,21
DA:15,10
DA:16,6
DA:18,6
LF:7
LH:7
BRF:0
BRH:0
end_of_record
TN:
SF:tests/factories/sessions-factory.ts
FN:5,createSession
FNF:1
FNH:1
FNDA:56,createSession
DA:2,10
DA:3,10
DA:5,10
DA:6,56
DA:8,56
LF:5
LH:5
BRF:0
BRH:0
end_of_record
TN:
SF:tests/factories/tickets-factory.ts
FN:5,createTicketType
FN:16,createTicket
FNF:2
FNH:2
FNDA:39,createTicketType
FNDA:33,createTicket
DA:1,10
DA:3,10
DA:5,10
DA:6,39
DA:16,10
DA:17,33
LF:6
LH:6
BRDA:10,0,0,25
BRDA:10,0,1,14
BRDA:11,1,0,20
BRDA:11,1,1,19
BRF:4
BRH:4
end_of_record
TN:
SF:tests/factories/users-factory.ts
FN:6,createUser
FNF:1
FNH:1
FNDA:135,createUser
DA:1,10
DA:2,10
DA:4,10
DA:6,10
DA:7,135
DA:8,135
DA:10,135
LF:7
LH:7
BRDA:6,0,0,127
BRDA:7,1,0,135
BRDA:7,1,1,127
BRDA:12,2,0,135
BRDA:12,2,1,127
BRF:5
BRH:5
end_of_record
